[    0.000000] Initializing cgroup subsys cpuset
[    0.000000] Initializing cgroup subsys cpu
[    0.000000] Initializing cgroup subsys cpuacct
[    0.000000] Linux version 4.4.0-101-generic (buildd@lcy01-amd64-006) (gcc version 5.4.0 20160609 (Ubuntu 5.4.0-6ubuntu1~16.04.5) ) #124-Ubuntu SMP Fri Nov 10 18:29:59 UTC 2017 (Ubuntu 4.4.0-101.124-generic 4.4.95)
[    0.000000] Command line: BOOT_IMAGE=/boot/vmlinuz-4.4.0-101-generic root=LABEL=cloudimg-rootfs ro console=tty1 console=ttyS0
[    0.000000] KERNEL supported cpus:
[    0.000000]   Intel GenuineIntel
[    0.000000]   AMD AuthenticAMD
[    0.000000]   Centaur CentaurHauls
[    0.000000] x86/fpu: xstate_offset[2]:  576, xstate_sizes[2]:  256
[    0.000000] x86/fpu: Supporting XSAVE feature 0x01: 'x87 floating point registers'
[    0.000000] x86/fpu: Supporting XSAVE feature 0x02: 'SSE registers'
[    0.000000] x86/fpu: Supporting XSAVE feature 0x04: 'AVX registers'
[    0.000000] x86/fpu: Enabled xstate features 0x7, context size is 832 bytes, using 'standard' format.
[    0.000000] x86/fpu: Using 'lazy' FPU context switches.
[    0.000000] e820: BIOS-provided physical RAM map:
[    0.000000] BIOS-e820: [mem 0x0000000000000000-0x000000000009fbff] usable
[    0.000000] BIOS-e820: [mem 0x000000000009fc00-0x000000000009ffff] reserved
[    0.000000] BIOS-e820: [mem 0x00000000000f0000-0x00000000000fffff] reserved
[    0.000000] BIOS-e820: [mem 0x0000000000100000-0x000000003ffeffff] usable
[    0.000000] BIOS-e820: [mem 0x000000003fff0000-0x000000003fffffff] ACPI data
[    0.000000] BIOS-e820: [mem 0x00000000fec00000-0x00000000fec00fff] reserved
[    0.000000] BIOS-e820: [mem 0x00000000fee00000-0x00000000fee00fff] reserved
[    0.000000] BIOS-e820: [mem 0x00000000fffc0000-0x00000000ffffffff] reserved
[    0.000000] NX (Execute Disable) protection: active
[    0.000000] SMBIOS 2.5 present.
[    0.000000] Hypervisor detected: KVM
[    0.000000] e820: last_pfn = 0x3fff0 max_arch_pfn = 0x400000000
[    0.000000] MTRR: Disabled
[    0.000000] x86/PAT: MTRRs disabled, skipping PAT initialization too.
[    0.000000] CPU MTRRs all blank - virtualized system.
[    0.000000] x86/PAT: Configuration [0-7]: WB  WT  UC- UC  WB  WT  UC- UC  
[    0.000000] found SMP MP-table at [mem 0x0009fff0-0x0009ffff] mapped at [ffff88000009fff0]
[    0.000000] Scanning 1 areas for low memory corruption
[    0.000000] RAMDISK: [mem 0x36ad4000-0x37561fff]
[    0.000000] ACPI: Early table checksum verification disabled
[    0.000000] ACPI: RSDP 0x00000000000E0000 000024 (v02 VBOX  )
[    0.000000] ACPI: XSDT 0x000000003FFF0030 00003C (v01 VBOX   VBOXXSDT 00000001 ASL  00000061)
[    0.000000] ACPI: FACP 0x000000003FFF00F0 0000F4 (v04 VBOX   VBOXFACP 00000001 ASL  00000061)
[    0.000000] ACPI: DSDT 0x000000003FFF0470 0021C8 (v02 VBOX   VBOXBIOS 00000002 INTL 20100528)
[    0.000000] ACPI: FACS 0x000000003FFF0200 000040
[    0.000000] ACPI: FACS 0x000000003FFF0200 000040
[    0.000000] ACPI: APIC 0x000000003FFF0240 00005C (v02 VBOX   VBOXAPIC 00000001 ASL  00000061)
[    0.000000] ACPI: SSDT 0x000000003FFF02A0 0001CC (v01 VBOX   VBOXCPUT 00000002 INTL 20100528)
[    0.000000] No NUMA configuration found
[    0.000000] Faking a node at [mem 0x0000000000000000-0x000000003ffeffff]
[    0.000000] NODE_DATA(0) allocated [mem 0x3ffeb000-0x3ffeffff]
[    0.000000] kvm-clock: Using msrs 4b564d01 and 4b564d00
[    0.000000] kvm-clock: cpu 0, msr 0:3ffe3001, primary cpu clock
[    0.000000] kvm-clock: using sched offset of 2991738845 cycles
[    0.000000] clocksource: kvm-clock: mask: 0xffffffffffffffff max_cycles: 0x1cd42e4dffb, max_idle_ns: 881590591483 ns
[    0.000000] Zone ranges:
[    0.000000]   DMA      [mem 0x0000000000001000-0x0000000000ffffff]
[    0.000000]   DMA32    [mem 0x0000000001000000-0x000000003ffeffff]
[    0.000000]   Normal   empty
[    0.000000]   Device   empty
[    0.000000] Movable zone start for each node
[    0.000000] Early memory node ranges
[    0.000000]   node   0: [mem 0x0000000000001000-0x000000000009efff]
[    0.000000]   node   0: [mem 0x0000000000100000-0x000000003ffeffff]
[    0.000000] Initmem setup node 0 [mem 0x0000000000001000-0x000000003ffeffff]
[    0.000000] ACPI: PM-Timer IO Port: 0x4008
[    0.000000] IOAPIC[0]: apic_id 2, version 32, address 0xfec00000, GSI 0-23
[    0.000000] ACPI: INT_SRC_OVR (bus 0 bus_irq 0 global_irq 2 dfl dfl)
[    0.000000] ACPI: INT_SRC_OVR (bus 0 bus_irq 9 global_irq 9 high level)
[    0.000000] Using ACPI (MADT) for SMP configuration information
[    0.000000] smpboot: Allowing 2 CPUs, 0 hotplug CPUs
[    0.000000] PM: Registered nosave memory: [mem 0x00000000-0x00000fff]
[    0.000000] PM: Registered nosave memory: [mem 0x0009f000-0x0009ffff]
[    0.000000] PM: Registered nosave memory: [mem 0x000a0000-0x000effff]
[    0.000000] PM: Registered nosave memory: [mem 0x000f0000-0x000fffff]
[    0.000000] e820: [mem 0x40000000-0xfebfffff] available for PCI devices
[    0.000000] Booting paravirtualized kernel on KVM
[    0.000000] clocksource: refined-jiffies: mask: 0xffffffff max_cycles: 0xffffffff, max_idle_ns: 7645519600211568 ns
[    0.000000] setup_percpu: NR_CPUS:512 nr_cpumask_bits:512 nr_cpu_ids:2 nr_node_ids:1
[    0.000000] PERCPU: Embedded 34 pages/cpu @ffff88003fc00000 s98328 r8192 d32744 u1048576
[    0.000000] PV qspinlock hash table entries: 256 (order: 0, 4096 bytes)
[    0.000000] Built 1 zonelists in Node order, mobility grouping on.  Total pages: 257913
[    0.000000] Policy zone: DMA32
[    0.000000] Kernel command line: BOOT_IMAGE=/boot/vmlinuz-4.4.0-101-generic root=LABEL=cloudimg-rootfs ro console=tty1 console=ttyS0
[    0.000000] PID hash table entries: 4096 (order: 3, 32768 bytes)
[    0.000000] Memory: 1001756K/1048120K available (8484K kernel code, 1294K rwdata, 3988K rodata, 1492K init, 1316K bss, 46364K reserved, 0K cma-reserved)
[    0.000000] SLUB: HWalign=64, Order=0-3, MinObjects=0, CPUs=2, Nodes=1
[    0.000000] Hierarchical RCU implementation.
[    0.000000] 	Build-time adjustment of leaf fanout to 64.
[    0.000000] 	RCU restricting CPUs from NR_CPUS=512 to nr_cpu_ids=2.
[    0.000000] RCU: Adjusting geometry for rcu_fanout_leaf=64, nr_cpu_ids=2
[    0.000000] NR_IRQS:33024 nr_irqs:440 16
[    0.000000] Console: colour VGA+ 80x25
[    0.000000] console [tty1] enabled
[    0.000000] console [ttyS0] enabled
[    0.000000] tsc: Detected 3311.998 MHz processor
[    2.360767] Calibrating delay loop (skipped) preset value.. 6623.99 BogoMIPS (lpj=13247992)
[    2.438503] pid_max: default: 32768 minimum: 301
[    2.500628] ACPI: Core revision 20150930
[    2.565223] ACPI: 2 ACPI AML tables successfully acquired and loaded
[    2.612527] Security Framework initialized
[    2.669499] Yama: becoming mindful.
[    2.699068] AppArmor: AppArmor initialized
[    2.701184] Dentry cache hash table entries: 131072 (order: 8, 1048576 bytes)
[    2.787081] Inode-cache hash table entries: 65536 (order: 7, 524288 bytes)
[    2.848755] Mount-cache hash table entries: 2048 (order: 2, 16384 bytes)
[    2.901030] Mountpoint-cache hash table entries: 2048 (order: 2, 16384 bytes)
[    2.902655] Initializing cgroup subsys io
[    2.920594] Initializing cgroup subsys memory
[    2.957577] Initializing cgroup subsys devices
[    3.012503] Initializing cgroup subsys freezer
[    3.084765] Initializing cgroup subsys net_cls
[    3.150680] Initializing cgroup subsys perf_event
[    3.218803] Initializing cgroup subsys net_prio
[    3.299771] Initializing cgroup subsys hugetlb
[    3.386962] Initializing cgroup subsys pids
[    3.449699] CPU: Physical Processor ID: 0
[    3.515391] CPU: Processor Core ID: 0
[    3.547767] mce: CPU supports 0 MCE banks
[    3.580577] Last level iTLB entries: 4KB 64, 2MB 8, 4MB 8
[    3.597235] Last level dTLB entries: 4KB 64, 2MB 0, 4MB 0, 1GB 4
[    3.617470] Freeing SMP alternatives memory: 32K
[    3.642264] ftrace: allocating 32156 entries in 126 pages
[    3.704808] smpboot: APIC(0) Converting physical 0 to logical package 0
[    3.713925] smpboot: Max logical packages: 1
[    3.718432] x2apic enabled
[    3.732673] Switched APIC routing to physical x2apic.
[    3.749100] ..TIMER: vector=0x30 apic1=0 pin1=2 apic2=-1 pin2=-1
[    3.872797] smpboot: CPU0: Intel(R) Core(TM) i7-6567U CPU @ 3.30GHz (family: 0x6, model: 0x4e, stepping: 0x3)
[    3.878100] Performance Events: unsupported p6 CPU model 78 no PMU driver, software events only.
[    3.881507] KVM setup paravirtual spinlock
[    3.886544] x86: Booting SMP configuration:
[    3.889980] .... node  #0, CPUs:      #1
[    3.895497] kvm-clock: cpu 1, msr 0:3ffe3041, secondary cpu clock
[    3.909343] mce: CPU supports 0 MCE banks
[    3.927579] x86: Booted up 1 node, 2 CPUs
[    3.941127] smpboot: Total of 2 processors activated (13247.99 BogoMIPS)
[    3.951163] devtmpfs: initialized
[    3.954840] evm: security.selinux
[    3.959645] evm: security.SMACK64
[    3.963168] evm: security.SMACK64EXEC
[    3.965373] evm: security.SMACK64TRANSMUTE
[    3.971423] evm: security.SMACK64MMAP
[    3.973954] evm: security.ima
[    3.977384] evm: security.capability
[    3.988624] clocksource: jiffies: mask: 0xffffffff max_cycles: 0xffffffff, max_idle_ns: 7645041785100000 ns
[    4.011432] futex hash table entries: 512 (order: 3, 32768 bytes)
[    4.013784] pinctrl core: initialized pinctrl subsystem
[    4.019344] RTC time: 14:09:29, date: 12/04/17
[    4.024407] NET: Registered protocol family 16
[    4.042845] cpuidle: using governor ladder
[    4.059077] cpuidle: using governor menu
[    4.066165] PCCT header not found.
[    4.088781] ACPI: bus type PCI registered
[    4.109989] acpiphp: ACPI Hot Plug PCI Controller Driver version: 0.5
[    4.111262] PCI: Using configuration type 1 for base access
[    4.166624] ACPI: Added _OSI(Module Device)
[    4.181017] ACPI: Added _OSI(Processor Device)
[    4.199478] ACPI: Added _OSI(3.0 _SCP Extensions)
[    4.200432] ACPI: Added _OSI(Processor Aggregator Device)
[    4.202074] ACPI: Executed 1 blocks of module-level executable AML code
[    4.215079] ACPI: Interpreter enabled
[    4.222888] ACPI: (supports S0 S5)
[    4.223631] ACPI: Using IOAPIC for interrupt routing
[    4.224774] PCI: Using host bridge windows from ACPI; if necessary, use "pci=nocrs" and report a bug
[    4.230430] ACPI: PCI Root Bridge [PCI0] (domain 0000 [bus 00-ff])
[    4.238309] acpi PNP0A03:00: _OSC: OS supports [ASPM ClockPM Segments MSI]
[    4.300397] acpi PNP0A03:00: _OSC failed (AE_NOT_FOUND); disabling ASPM
[    4.301970] acpi PNP0A03:00: fail to add MMCONFIG information, can't access extended PCI configuration space under this bridge.
[    4.304783] PCI host bridge to bus 0000:00
[    4.307977] pci_bus 0000:00: root bus resource [io  0x0000-0x0cf7 window]
[    4.341969] pci_bus 0000:00: root bus resource [io  0x0d00-0xffff window]
[    4.368604] pci_bus 0000:00: root bus resource [mem 0x000a0000-0x000bffff window]
[    4.389601] pci_bus 0000:00: root bus resource [mem 0x40000000-0xffdfffff window]
[    4.399339] pci_bus 0000:00: root bus resource [bus 00-ff]
[    4.415807] pci 0000:00:01.1: legacy IDE quirk: reg 0x10: [io  0x01f0-0x01f7]
[    4.422336] pci 0000:00:01.1: legacy IDE quirk: reg 0x14: [io  0x03f6]
[    4.450331] pci 0000:00:01.1: legacy IDE quirk: reg 0x18: [io  0x0170-0x0177]
[    4.462581] pci 0000:00:01.1: legacy IDE quirk: reg 0x1c: [io  0x0376]
[    4.506012] pci 0000:00:07.0: quirk: [io  0x4000-0x403f] claimed by PIIX4 ACPI
[    4.518739] pci 0000:00:07.0: quirk: [io  0x4100-0x410f] claimed by PIIX4 SMB
[    4.550525] ACPI: PCI Interrupt Link [LNKA] (IRQs 5 9 10 *11)
[    4.557617] ACPI: PCI Interrupt Link [LNKB] (IRQs 5 9 10 *11)
[    4.568692] ACPI: PCI Interrupt Link [LNKC] (IRQs 5 9 *10 11)
[    4.591698] ACPI: PCI Interrupt Link [LNKD] (IRQs 5 *9 10 11)
[    4.604578] ACPI: Enabled 2 GPEs in block 00 to 07
[    4.640688] vgaarb: setting as boot device: PCI:0000:00:02.0
[    4.648650] vgaarb: device added: PCI:0000:00:02.0,decodes=io+mem,owns=io+mem,locks=none
[    4.650512] vgaarb: loaded
[    4.664911] vgaarb: bridge control possible 0000:00:02.0
[    4.672503] SCSI subsystem initialized
[    4.685472] ACPI: bus type USB registered
[    4.687931] usbcore: registered new interface driver usbfs
[    4.690570] usbcore: registered new interface driver hub
[    4.775603] usbcore: registered new device driver usb
[    4.835056] PCI: Using ACPI for IRQ routing
[    4.841858] NetLabel: Initializing
[    4.842603] NetLabel:  domain hash size = 128
[    4.867552] NetLabel:  protocols = UNLABELED CIPSOv4
[    4.879116] NetLabel:  unlabeled traffic allowed by default
[    4.933257] amd_nb: Cannot enumerate AMD northbridges
[    4.994835] clocksource: Switched to clocksource kvm-clock
[    5.090692] AppArmor: AppArmor Filesystem Enabled
[    5.203491] pnp: PnP ACPI init
[    5.286854] pnp: PnP ACPI: found 3 devices
[    5.309512] clocksource: acpi_pm: mask: 0xffffff max_cycles: 0xffffff, max_idle_ns: 2085701024 ns
[    5.482989] NET: Registered protocol family 2
[    5.575944] TCP established hash table entries: 8192 (order: 4, 65536 bytes)
[    5.678743] TCP bind hash table entries: 8192 (order: 5, 131072 bytes)
[    5.699537] TCP: Hash tables configured (established 8192 bind 8192)
[    5.865531] UDP hash table entries: 512 (order: 2, 16384 bytes)
[    6.005513] UDP-Lite hash table entries: 512 (order: 2, 16384 bytes)
[    6.170837] NET: Registered protocol family 1
[    6.285426] pci 0000:00:00.0: Limiting direct PCI/PCI transfers
[    6.446828] pci 0000:00:01.0: Activating ISA DMA hang workarounds
[    6.532844] Unpacking initramfs...
[    8.381244] Freeing initrd memory: 10808K
[    8.382437] platform rtc_cmos: registered platform RTC device (no PNP device found)
[    8.492251] Scanning for low memory corruption every 60 seconds
[    8.589269] audit: initializing netlink subsys (disabled)
[    8.625570] audit: type=2000 audit(1512396574.102:1): initialized
[    8.626994] Initialise system trusted keyring
[    8.687799] HugeTLB registered 2 MB page size, pre-allocated 0 pages
[    8.755495] zbud: loaded
[    8.794071] VFS: Disk quotas dquot_6.6.0
[    8.836231] VFS: Dquot-cache hash table entries: 512 (order 0, 4096 bytes)
[    8.882134] squashfs: version 4.0 (2009/01/31) Phillip Lougher
[    8.956176] fuse init (API version 7.23)
[    9.027747] Key type big_key registered
[    9.113479] Allocating IMA MOK and blacklist keyrings.
[    9.221853] Key type asymmetric registered
[    9.268307] Asymmetric key parser 'x509' registered
[    9.334153] Block layer SCSI generic (bsg) driver version 0.4 loaded (major 249)
[    9.435594] tsc: Refined TSC clocksource calibration: 3313.243 MHz
[    9.524610] clocksource: tsc: mask: 0xffffffffffffffff max_cycles: 0x2fc22a7ed4e, max_idle_ns: 440795244422 ns
[    9.526977] io scheduler noop registered
[    9.526980] io scheduler deadline registered (default)
[    9.527064] io scheduler cfq registered
[    9.527210] pci_hotplug: PCI Hot Plug PCI Core version: 0.5
[    9.527215] pciehp: PCI Express Hot Plug Controller Driver version: 0.4
[    9.527555] ACPI: AC Adapter [AC] (on-line)
[    9.527613] input: Power Button as /devices/LNXSYSTM:00/LNXPWRBN:00/input/input0
[    9.527616] ACPI: Power Button [PWRF]
[    9.527721] input: Sleep Button as /devices/LNXSYSTM:00/LNXSLPBN:00/input/input1
[    9.527723] ACPI: Sleep Button [SLPF]
[    9.527880] GHES: HEST is not enabled!
[    9.528987] ACPI: Battery Slot [BAT0] (battery present)
[    9.529039] Serial: 8250/16550 driver, 32 ports, IRQ sharing enabled
[    9.739898] 00:02: ttyS0 at I/O 0x3f8 (irq = 4, base_baud = 115200) is a 16550A
[    9.821696] Linux agpgart interface v0.103
[    9.958672] loop: module loaded
[    9.959157] scsi host0: ata_piix
[    9.959202] scsi host1: ata_piix
[    9.959227] ata1: PATA max UDMA/33 cmd 0x1f0 ctl 0x3f6 bmdma 0xd000 irq 14
[    9.959227] ata2: PATA max UDMA/33 cmd 0x170 ctl 0x376 bmdma 0xd008 irq 15
[    9.959291] libphy: Fixed MDIO Bus: probed
[    9.959293] tun: Universal TUN/TAP device driver, 1.6
[    9.959294] tun: (C) 1999-2004 Max Krasnyansky <maxk@qualcomm.com>
[    9.959549] PPP generic driver version 2.4.2
[    9.959598] ehci_hcd: USB 2.0 'Enhanced' Host Controller (EHCI) Driver
[    9.959602] ehci-pci: EHCI PCI platform driver
[    9.959614] ehci-platform: EHCI generic platform driver
[    9.959622] ohci_hcd: USB 1.1 'Open' Host Controller (OHCI) Driver
[    9.959626] ohci-pci: OHCI PCI platform driver
[    9.959633] ohci-platform: OHCI generic platform driver
[    9.959639] uhci_hcd: USB Universal Host Controller Interface driver
[    9.959687] i8042: PNP: PS/2 Controller [PNP0303:PS2K,PNP0f03:PS2M] at 0x60,0x64 irq 1,12
[   10.028745] serio: i8042 KBD port at 0x60,0x64 irq 1
[   10.028751] serio: i8042 AUX port at 0x60,0x64 irq 12
[   10.028867] mousedev: PS/2 mouse device common for all mice
[   10.029119] rtc_cmos rtc_cmos: rtc core: registered rtc_cmos as rtc0
[   10.029162] rtc_cmos rtc_cmos: alarms up to one day, 114 bytes nvram
[   10.029167] i2c /dev entries driver
[   10.029214] device-mapper: uevent: version 1.0.3
[   10.029254] device-mapper: ioctl: 4.34.0-ioctl (2015-10-28) initialised: dm-devel@redhat.com
[   10.029270] ledtrig-cpu: registered to indicate activity on CPUs
[   10.029483] NET: Registered protocol family 10
[   10.029610] NET: Registered protocol family 17
[   10.029619] Key type dns_resolver registered
[   10.163287] microcode: CPU0 sig=0x406e3, pf=0x2, revision=0x0
[   10.163383] microcode: CPU1 sig=0x406e3, pf=0x2, revision=0x0
[   10.163440] microcode: Microcode Update Driver: v2.01 <tigran@aivazian.fsnet.co.uk>, Peter Oruba
[   10.163686] registered taskstats version 1
[   10.163703] Loading compiled-in X.509 certificates
[   10.164472] Loaded X.509 cert 'Build time autogenerated kernel key: f91c6829a34a801956ec6287af569c0a1f1f8d39'
[   10.164501] zswap: loaded using pool lzo/zbud
[   10.165739] Key type trusted registered
[   10.167904] Key type encrypted registered
[   10.167910] AppArmor: AppArmor sha1 policy hashing enabled
[   10.167913] ima: No TPM chip found, activating TPM-bypass!
[   10.167931] evm: HMAC attrs: 0x1
[   10.168182]   Magic number: 13:437:181
[   10.227303] rtc_cmos rtc_cmos: setting system clock to 2017-12-04 14:09:35 UTC (1512396575)
[   10.227430] BIOS EDD facility v0.16 2004-Jun-25, 0 devices found
[   10.227431] EDD information not available.
[   10.548063] input: AT Translated Set 2 keyboard as /devices/platform/i8042/serio0/input/input2
[   12.996175] Freeing unused kernel memory: 1492K
[   13.057172] Write protecting the kernel read-only data: 14336k
[   13.118552] Freeing unused kernel memory: 1744K
[   13.126735] Freeing unused kernel memory: 108K
Loading, please [   13.144844] random: systemd-udevd: uninitialized urandom read (16 bytes read, 7 bits of entropy available)
wait...
starting version 229
[   13.145324] random: udevadm: uninitialized urandom read (16 bytes read, 7 bits of entropy available)
[   13.145337] random: udevadm: uninitialized urandom read (16 bytes read, 7 bits of entropy available)
[   13.153569] random: udevadm: uninitialized urandom read (16 bytes read, 7 bits of entropy available)
[   13.153599] random: udevadm: uninitialized urandom read (16 bytes read, 7 bits of entropy available)
[   13.153714] random: udevadm: uninitialized urandom read (16 bytes read, 7 bits of entropy available)
[   13.153757] random: udevadm: uninitialized urandom read (16 bytes read, 7 bits of entropy available)
[   13.153791] random: udevadm: uninitialized urandom read (16 bytes read, 7 bits of entropy available)
[   13.153823] random: udevadm: uninitialized urandom read (16 bytes read, 7 bits of entropy available)
[   13.153853] random: udevadm: uninitialized urandom read (16 bytes read, 7 bits of entropy available)
[   13.442544] e1000: Intel(R) PRO/1000 Network Driver - version 7.3.21-k8-NAPI
[   13.472086] e1000: Copyright (c) 1999-2006 Intel Corporation.
[   13.477068] Fusion MPT base driver 3.04.20
[   13.497351] Copyright (c) 1999-2008 LSI Corporation
[   13.518468] Fusion MPT SPI Host driver 3.04.20
[   13.524536] AVX version of gcm_enc/dec engaged.
[   13.528298] AES CTR mode by8 optimization enabled
[   13.738088] input: ImExPS/2 Generic Explorer Mouse as /devices/platform/i8042/serio1/input/input4
[   13.909580] e1000 0000:00:03.0 eth0: (PCI:33MHz:32-bit) 02:b9:83:f0:a4:db
[   14.036875] e1000 0000:00:03.0 eth0: Intel(R) PRO/1000 Network Connection
[   14.117665] mptbase: ioc0: Initiating bringup
[   14.244426] ioc0: LSI53C1030 A0: Capabilities={Initiator}
[   14.506728] scsi host2: ioc0: LSI53C1030 A0, FwRev=00000000h, Ports=1, MaxQ=256, IRQ=20
[   14.808489] scsi 2:0:0:0: Direct-Access     VBOX     HARDDISK         1.0  PQ: 0 ANSI: 5
[   14.840120] scsi target2:0:0: Beginning Domain Validation
[   14.843412] scsi target2:0:0: Domain Validation skipping write tests
[   14.846091] scsi target2:0:0: Ending Domain Validation
[   14.848411] scsi target2:0:0: asynchronous
[   14.851089] scsi 2:0:1:0: Direct-Access     VBOX     HARDDISK         1.0  PQ: 0 ANSI: 5
[   14.854859] scsi target2:0:1: Beginning Domain Validation
[   14.858104] scsi target2:0:1: Domain Validation skipping write tests
[   14.861520] scsi target2:0:1: Ending Domain Validation
[   14.862546] scsi target2:0:1: asynchronous
[   14.875444] sd 2:0:0:0: Attached scsi generic sg0 type 0
[   14.878821] sd 2:0:0:0: [sda] 20971520 512-byte logical blocks: (10.7 GB/10.0 GiB)
[   14.890009] sd 2:0:1:0: Attached scsi generic sg1 type 0
[   14.892005] sd 2:0:1:0: [sdb] 20480 512-byte logical blocks: (10.5 MB/10.0 MiB)
[   14.894575] sd 2:0:1:0: [sdb] Write Protect is off
[   14.897974] sd 2:0:1:0: [sdb] Incomplete mode parameter data
[   14.900016] sd 2:0:1:0: [sdb] Assuming drive cache: write through
[   14.902315] sd 2:0:0:0: [sda] Write Protect is off
[   14.904651] sd 2:0:0:0: [sda] Incomplete mode parameter data
[   14.908894] sd 2:0:0:0: [sda] Assuming drive cache: write through
[   14.911439]  sda: sda1
[   14.913338] sd 2:0:1:0: [sdb] Attached SCSI disk
[   14.914825] sd 2:0:0:0: [sda] Attached SCSI disk
[   15.176946] e1000 0000:00:08.0 eth1: (PCI:33MHz:32-bit) 08:00:27:a6:03:87
[   15.255627] e1000 0000:00:08.0 eth1: Intel(R) PRO/1000 Network Connection
[   15.347436] e1000 0000:00:03.0 enp0s3: renamed from eth0
[   15.404773] e1000 0000:00:08.0 enp0s8: renamed from eth1
[   16.480762] floppy0: no floppy controllers found
Begin: Loading e[   17.910683] md: linear personality registered for level -1
ssential drivers ... [   17.993650] md: multipath personality registered for level -4
[   18.043015] md: raid0 personality registered for level 0
[   18.122215] md: raid1 personality registered for level 1
[   18.327041] raid6: sse2x1   gen()  9338 MB/s
[   18.406987] raid6: sse2x1   xor()  5289 MB/s
[   18.475086] raid6: sse2x2   gen()  5459 MB/s
[   18.551391] raid6: sse2x2   xor()  7599 MB/s
[   18.623049] raid6: sse2x4   gen() 12312 MB/s
[   18.703423] raid6: sse2x4   xor()  8663 MB/s
[   18.759906] raid6: using algorithm sse2x4 gen() 12312 MB/s
[   18.813493] raid6: .... xor() 8663 MB/s, rmw enabled
[   18.839101] raid6: using ssse3x2 recovery algorithm
[   18.904861] xor: automatically using best checksumming function:
[   19.095043]    avx       : 32211.000 MB/sec
[   19.102867] async_tx: api initialized (async)
[   19.115638] md: raid6 personality registered for level 6
[   19.132272] md: raid5 personality registered for level 5
[   19.139865] md: raid4 personality registered for level 4
[   19.145320] md: raid10 personality registered for level 10
done.
Begin: Running /scripts/init-p[   19.290180] Btrfs loaded
remount ... done.
Begin: Mounting root file system ... Begin: Running /scripts/local-top ... done.
Begin: Running /scripts/local-premount ... Scanning for Btrfs filesystems
done.
Warning: fsck not present, so sk[   19.360557] EXT4-fs (sda1): mounted filesystem with ordered data mode. Opts: (null)
ipping root file system
done.
Begin: Running /scripts/local-bottom ... done.
Begin: Running /scripts/init-bottom ... done.
[   19.578471] systemd[1]: systemd 229 running in system mode. (+PAM +AUDIT +SELINUX +IMA +APPARMOR +SMACK +SYSVINIT +UTMP +LIBCRYPTSETUP +GCRYPT +GNUTLS +ACL +XZ -LZ4 +SECCOMP +BLKID +ELFUTILS +KMOD -IDN)
[   19.872868] systemd[1]: Detected virtualization oracle.
[   19.996357] systemd[1]: Detected architecture x86-64.

Welcome to [1mUbuntu 16.04.3 LTS[0m!

[   20.096386] systemd[1]: Set hostname to <ubuntu>.
[   20.120874] systemd[1]: Initializing machine ID from random generator.
[   20.274096] systemd[1]: Installed transient /etc/machine-id file.
[   20.563066] systemd[1]: Listening on udev Control Socket.
[[0;32m  OK  [0m] Listening on udev Control Socket.
[   20.599581] systemd[1]: Created slice System Slice.
[[0;32m  OK  [0m] Created slice System Slice.
[   20.620676] systemd[1]: Listening on Syslog Socket.
[[0;32m  OK  [0m] Listening on Syslog Socket.
[   20.638573] systemd[1]: Created slice User and Session Slice.
[[0;32m  OK  [0m] Created slice User and Session Slice.
[   20.670629] systemd[1]: Started Forward Password Requests to Wall Directory Watch.
[[0;32m  OK  [0m] Started Forward Password Requests to Wall Directory Watch.
[   20.759543] systemd[1]: Reached target User and Group Name Lookups.
[[0;32m  OK  [0m] Reached target User and Group Name Lookups.
[   20.905932] systemd[1]: Reached target Slices.
[[0;32m  OK  [0m] Reached target Slices.
[   20.975765] systemd[1]: Started Trigger resolvconf update for networkd DNS.
[[0;32m  OK  [0m] Started Trigger resolvconf update for networkd DNS.
[   21.017463] systemd[1]: Listening on Journal Socket.
[[0;32m  OK  [0m] Listening on Journal Socket.
[   21.092095] systemd[1]: Starting Nameserver information manager...
[   21.236831] random: nonblocking pool is initialized
         Starting Nameserver information manager...
[   21.403360] systemd[1]: Starting Set console keymap...
         Starting Set console keymap...
[   21.508075] systemd[1]: Starting Load Kernel Modules...
[   21.518194] Loading iSCSI transport class v2.0-870.
         Starting Load Kernel Modules...
[   21.605567] systemd[1]: Starting Create list of required static device nodes for the current kernel...
         Starting Create list of[   21.621847] iscsi: registered transport (tcp)
 required st... nodes for the current kernel...[   21.679660] iscsi: registered transport (iser)

[   21.708984] systemd[1]: Listening on udev Kernel Socket.
[[0;32m  OK  [0m] Listening on udev Kernel Socket.
[   21.767488] systemd[1]: Mounting Huge Pages File System...
         Mounting Huge Pages File System...
[   21.891606] systemd[1]: Mounting POSIX Message Queue File System...
         Mounting POSIX Message Queue File System...
[   21.951669] systemd[1]: Listening on LVM2 poll daemon socket.
[[0;32m  OK  [0m] Listening on LVM2 poll daemon socket.
[   22.040533] systemd[1]: Created slice system-serial\x2dgetty.slice.
[[0;32m  OK  [0m] Created slice system-serial\x2dgetty.slice.
[   22.172712] systemd[1]: Listening on Journal Socket (/dev/log).
[[0;32m  OK  [0m] Listening on Journal Socket (/dev/log).
[   22.287759] systemd[1]: Listening on Device-mapper event daemon FIFOs.
[[0;32m  OK  [0m] Listening on Device-mapper event daemon FIFOs.
[   22.444534] systemd[1]: Reached target Encrypted Volumes.
[[0;32m  OK  [0m] Reached target Encrypted Volumes.
[   22.544826] systemd[1]: Set up automount Arbitrary Executable File Formats File System Automount Point.
[[0;32m  OK  [0m] Set up automount Arbitrary Executab...ats File System Automount Point.
[   22.640129] systemd[1]: Starting Remount Root and Kernel File Systems...
[   22.647158] EXT4-fs (sda1): re-mounted. Opts: (null)
         Starting Remount Root and Kernel File Systems...
[   22.719382] systemd[1]: Listening on LVM2 metadata daemon socket.
[[0;32m  OK  [0m] Listening on LVM2 metadata daemon socket.
[   22.804729] systemd[1]: Starting Monitoring of LVM2 mirrors, snapshots etc. using dmeventd or progress polling...
         Starting Monitoring of LVM2 mirrors... dmeventd or progress polling...
[   22.838653] systemd[1]: Reached target Swap.
[[0;32m  OK  [0m] Reached target Swap.
[   22.879730] systemd[1]: Listening on Journal Audit Socket.
[[0;32m  OK  [0m] Listening on Journal Audit Socket.
[   23.005984] systemd[1]: Starting Journal Service...
         Starting Journal Service...
[   23.059390] systemd[1]: Mounting Debug File System...
         Mounting Debug File System...
[   23.108033] systemd[1]: Starting Uncomplicated firewall...
         Starting Uncomplicated firewall...
[   23.192184] systemd[1]: Listening on /dev/initctl Compatibility Named Pipe.
[[0;32m  OK  [0m] Listening on /dev/initctl Compatibility Named Pipe.
[   23.384273] systemd[1]: Mounted POSIX Message Queue File System.
[[0;32m  OK  [0m] Mounted POSIX Message Queue File System.
[   23.519752] systemd[1]: Mounted Huge Pages File System.
[[0;32m  OK  [0m] Mounted Huge Pages File System.
[   23.667992] systemd[1]: Mounted Debug File System.
[[0;32m  OK  [0m] Mounted Debug File System.
[   23.740488] systemd[1]: Started Journal Service.
[[0;32m  OK  [0m] Started Journal Service.
[[0;32m  OK  [0m] Started Set console keymap.
[[0;32m  OK  [0m] Started Load Kernel Modules.
[[0;32m  OK  [0m] Started Create list of required sta...ce nodes for the current kernel.
[[0;32m  OK  [0m] Started Remount Root and Kernel File Systems.
[[0;32m  OK  [0m] Started Uncomplicated firewall.
[[0;32m  OK  [0m] Started Nameserver information manager.
[[0;32m  OK  [0m] Started LVM2 metadata daemon.
         Starting udev Coldplug all Devices...
         Starting Initial cloud-init job (pre-networking)...
         Starting Load/Save Random Seed...
         Starting Create Static Device Nodes in /dev...
         Mounting FUSE Control File System...
         Starting Apply Kernel Variables...
         Starting Flush Journal to Persistent Storage...
[[0;32m  OK  [0m] Mounted FUSE Control File System.
[[0;32m  OK  [0m] Started Monitoring of LVM2 mirrors,...ng dmeventd or progress polling.
[[0;32m  OK  [0m] Started Load/Save Random Seed.
[[0;32m  OK  [0m] Started Create Static Device Nodes in /dev.
[[0;32m  OK  [0m] Started Apply Kernel Variables.
[[0;32m  OK  [0m] Started udev Coldplug all Devices.
[[0;32m  OK  [0m] Started Flush Journal to Persistent Storage.
         Starting udev Kernel Device Manager...
[[0;32m  OK  [0m] Started udev Kernel Device Manager.
[[0;32m  OK  [0m] Reached target Local File Systems (Pre).
[[0;32m  OK  [0m] Reached target Local File Systems.
[   20.378077] cloud-init[447]: Cloud-init v. 17.1 running 'init-local' at Mon, 04 Dec 2017 14:09:49 +0000. Up 20.15 seconds.
         Starting Commit a transient machine-id on disk...
         Starting Set console font and keymap...
         Starting Tell Plymouth To Write Out Runtime Data...
         Starting Create Volatile Files and Directories...
         Starting LSB: AppArmor initialization...
[[0;32m  OK  [0m] Started Dispatch Password Requests to Console Directory Watch.
[[0;32m  OK  [0m] Started Commit a transient machine-id on disk.
[[0;32m  OK  [0m] Started Set console font and keymap.
[[0;32m  OK  [0m] Started Tell Plymouth To Write Out Runtime Data.
[[0;32m  OK  [0m] Started Create Volatile Files and Directories.
[[0;32m  OK  [0m] Started Initial cloud-init job (pre-networking).
[[0;32m  OK  [0m] Found device /dev/ttyS0.
[[0;32m  OK  [0m] Listening on Load/Save RF Kill Switch Status /dev/rfkill Watch.
[[0;32m  OK  [0m] Reached target Network (Pre).
         Starting Update UTMP about System Boot/Shutdown...
[[0;32m  OK  [0m] Reached target System Time Synchronized.
[[0;32m  OK  [0m] Created slice system-getty.slice.
[[0;32m  OK  [0m] Started Update UTMP about System Boot/Shutdown.
[[0;32m  OK  [0m] Started LSB: AppArmor initialization.
[[0;32m  OK  [0m] Started ifup for enp0s3.
         Starting Raise network interfaces...
[[0;32m  OK  [0m] Started Raise network interfaces.
         Starting Initial cloud-init job (metadata service crawler)...
[[0;32m  OK  [0m] Reached target Network.
[   24.892251] cloud-init[975]: Cloud-init v. 17.1 running 'init' at Mon, 04 Dec 2017 14:09:53 +0000. Up 24.06 seconds.
[   24.900931] cloud-init[975]: ci-info: ++++++++++++++++++++++++++++++++++++++Net device info++++++++++++++++++++++++++++++++++++++
[   24.911902] cloud-init[975]: ci-info: +--------+-------+----------------------------+---------------+-------+-------------------+
[   24.923615] cloud-init[975]: ci-info: | Device |   Up  |          Address           |      Mask     | Scope |     Hw-Address    |
[   24.931794] cloud-init[975]: ci-info: +--------+-------+----------------------------+---------------+-------+-------------------+
[   24.948175] cloud-init[975]: ci-info: | enp0s3 |  True |         10.0.2.15          | 255.255.255.0 |   .   | 02:b9:83:f0:a4:db |
[   24.974955] cloud-init[975]: ci-info: | enp0s3 |  True | fe80::b9:83ff:fef0:a4db/64 |       .       |  link | 02:b9:83:f0:a4:db |
[   25.003445] cloud-init[975]: ci-info: | enp0s8 | False |             .              |       .       |   .   | 08:00:27:a6:03:87 |
[   25.003740] cloud-init[975]: ci-info: |   lo   |  True |         127.0.0.1          |   255.0.0.0   |   .   |         .         |
[   25.004756] cloud-init[975]: ci-info: |   lo   |  True |          ::1/128           |       .       |  host |         .         |
[   25.005056] cloud-init[975]: ci-info: +--------+-------+----------------------------+---------------+-------+-------------------+
[   25.005253] cloud-init[975]: ci-info: +++++++++++++++++++++++++++Route IPv4 info++++++++++++++++++++++++++++
[   25.005460] cloud-init[975]: ci-info: +-------+-------------+----------+---------------+-----------+-------+
[   25.005672] cloud-init[975]: ci-info: | Route | Destination | Gateway  |    Genmask    | Interface | Flags |
[[0;32m  OK  [0m] Started Initial cloud-init job (metadata service crawler).
[   25.007073] cloud-init[975]: ci-info: +-------+-------------+----------+---------------+-----------+-------+
[   25.338788] cloud-init[975]: ci-info: |   0   |   0.0.0.0   | 10.0.2.2 |    0.0.0.0    |   enp0s3  |   UG  |
[   25.339095] cloud-init[975]: ci-info: |   1   |   10.0.2.0  | 0.0.0.0  | 255.255.255.0 |   enp0s3  |   U   |
[   25.339278] cloud-init[975]: ci-info: +-------+-------------+----------+---------------+-----------+-------+
[[0;32m  OK  [0m] Reached target Network is Online.
[   25.339516] cloud-init[975]: Generating public/private rsa key pair.
[   25.448424] cloud-init[975]: Your identification has been saved in /etc/ssh/ssh_host_rsa_key.
[   25.448777] cloud-init[975]: Your public key has been saved in /etc/ssh/ssh_host_rsa_key.pub.
         Starting iSCSI initiator daemon (iscsid)...
[[   25.449004] cloud-init[975]: The key fingerprint is:
[   25.557496] cloud-init[975]: SHA256:E8ygTWOUF6ZmitpqIDwwTViFk0qZ8V7d3Eaje1mWDzg root@ubuntu-xenial
[   25.557637] cloud-init[975]: The key's randomart image is:
[   25.557844] cloud-init[975]: +---[RSA 2048]----+
[   25.558054] cloud-init[975]: | +=+..*.o. o     |
[0;32m  OK  [0m] Reached target System Initialization.
[   25.558310] cloud-init[975]: |.+*  =oB+ + o .  |
[   25.674862] cloud-init[975]: |.+ o..=o++ E =   |
[   25.675263] cloud-init[975]: |+ o..+   .o = o  |
[[0;32m  OK  [0m] Started ACPI Events Check.
[   25.675471] cloud-init[975]: |o....   S. o   . |
[[0;32m  OK  [0m] Reached target Paths.
[[   25.728985] cloud-init[975]: |o=       ..      |
[   25.788959] cloud-init[975]: |+ o              |
[0;32m  OK  [0m] Started Daily Cleanup of Temporary Directories.
[[   25.789115] cloud-init[975]: | o               |
[   25.839228] cloud-init[975]: |o                |
[   25.839362] cloud-init[975]: +----[SHA256]-----+
[   25.839540] cloud-init[975]: Generating public/private dsa key pair.
[   25.839728] cloud-init[975]: Your identification has been saved in /etc/ssh/ssh_host_dsa_key.
[   25.839908] cloud-init[975]: Your public key has been saved in /etc/ssh/ssh_host_dsa_key.pub.
[   25.840276] cloud-init[975]: The key fingerprint is:
[   25.840451] cloud-init[975]: SHA256:dD6tT3241Z5OFRmZG9ZdyBRI8/JEwVne1mCVZP4eNGE root@ubuntu-xenial
[   25.840629] cloud-init[975]: The key's randomart image is:
[   25.840819] cloud-init[975]: +---[DSA 1024]----+
[   25.840986] cloud-init[975]: |           .o=OE@|
[   25.841147] cloud-init[975]: |            .=OOO|
[   25.841314] cloud-init[975]: |        . . . +*B|
[   25.841475] cloud-init[975]: |       . o . +.o+|
[   25.841637] cloud-init[975]: |        S o . ..o|
[   25.841802] cloud-init[975]: |           o . o+|
[   25.841964] cloud-init[975]: |          . . o.=|
[   25.842128] cloud-init[975]: |           o  .=.|
[   25.842290] cloud-init[975]: |            . oo.|
[   25.842454] cloud-init[975]: +----[SHA256]-----+
[0;32m  OK  [0m] Listening on ACPID Listen Socket.
[   25.842641] cloud-init[975]: Generating public/private ecdsa key pair.
[   26.336970] cloud-init[975]: Your identification has been saved in /etc/ssh/ssh_host_ecdsa_key.
[[0;32m  OK  [0m] Listening on UUID daemon activation socket.
[   26.337120] cloud-init[975]: Your public key has been saved in /etc/ssh/ssh_host_ecdsa_key.pub.
[   26.528065] cloud-init[975]: The key fingerprint is:
[   26.528386] cloud-init[975]: SHA256:zm4RXpgTfPADVWZtrk4ziwd9l5g8wBXpMz1lhe1Ois8 root@ubuntu-xenial
         Starting LXD - unix socket.
[[   26.528563] cloud-init[975]: The key's randomart image is:
[   26.577708] cloud-init[975]: +---[ECDSA 256]---+
[0;32m  OK  [0m] Started Timer to automatically refresh installed snaps.
[[   26.577812] cloud-init[975]: |       .oo..+oooo|
[   26.604124] cloud-init[975]: |        oo.o o+ +|
[0;32m  OK  [0m] Started Daily apt download activities.
[[0;32m  OK  [0m[   26.604211] ] cloud-initStarted Daily apt upgrade and clean activities.[975]: 
|         =+ oo.o.|
[   26.752416] cloud-init[975]: |        = .+ +.oo|
[   26.752749] cloud-init[975]: |       .S+ .oo=+o|
[[0;32m  OK  [0m] Reached target Timers.
         [   26.752950] Starting Socket activation for snappy daemon.cloud-init
[975]: |       oo . B=o.o|
[   26.859309] cloud-init[975]: |        o. = B.. |
[   26.859589] cloud-init[975]: |       .. . + E  |
[[0;32m  OK  [0m] Listening on D-Bus System Message Bus Socket.
[   26.859824] cloud-init[975]: |       ..  .     |
[   26.932974] cloud-init[975]: +----[SHA256]-----+
[[0;32m  OK  [0m] Reached target Cloud-config availability.
[   26.933187] cloud-init[975]: Generating public/private ed25519 key pair.
[   27.004243] cloud-init[975]: Your identification has been saved in /etc/ssh/ssh_host_ed25519_key.
[   27.004581] cloud-init[975]: Your public key has been saved in /etc/ssh/ssh_host_ed25519_key.pub.
[[0;32m  OK  [0m] Listening on LXD - unix socket.
[[   27.004785] cloud-init[975]: The key fingerprint is:
[   27.015686] cloud-init[975]: SHA256:RXg3GjFhN2+IN0sCGyAeWocz/DCYpzrmJ3FEgQhFjOk root@ubuntu-xenial
[   27.015815] cloud-init[975]: The key's randomart image is:
[0;32m  OK  [0m] Listening on Socket activation for snappy daemon.
[[0;32m  OK  [0m] [   27.015993] Started iSCSI initiator daemon (iscsid).cloud-init
[975]: +--[ED25519 256]--+
[   27.101377] cloud-init[975]: |+*+==.o.o.*oo    |
[   27.116374] cloud-init[975]: |+.+=O+  .*o+o+   |
[   27.116693] cloud-init[975]: |. oo.*  ..++=.o  |
         Starting Login to default iSCSI targets...
[   27.116834] cloud-init[975]: | E..  .  ..+ +   |
[   27.188822] cloud-init[975]: | ..     S   .    |
[[0;32m  OK  [0m] Reached target Sockets.
[   27.188944] cloud-init[975]: |oo .             |
[   27.273064] cloud-init[975]: |o.o              |
[[0;32m  OK  [0m] Reached target Basic System.
[   27.273205] cloud-init[975]: | o .             |
         [   27.361039] Starting LSB: MD monitoring daemon...cloud-init
[975]: |  o              |
[   27.440670] cloud-init[975]: +----[SHA256]-----+
[[0;32m  OK  [0m] Started D-Bus System Message Bus.
         Starting Apply the settings specified in cloud-config...
         Starting /etc/rc.local Compatibility...
         Starting Pollinate to seed the pseudo random number generator...
         Starting Accounts Service...
[[0;32m  OK  [0m] Started ACPI event daemon.
[[0;32m  OK  [0m] Started Unattended Upgrades Shutdown.
[[0;32m  OK  [0m] Started Deferred execution scheduler.
         Starting System Logging Service...
[[0;32m  OK  [0m] Started FUSE filesystem for LXC.
         Starting LSB: Record successful boot for GRUB...
         Starting Snappy daemon...
[[0;32m  OK  [0m] Started Regular background program processing daemon.
         Starting Login Service...
         Starting LXD - container startup/shutdown...
[[0;32m  OK  [0m] Started System Logging Service.
[[0;32m  OK  [0m] Started /etc/rc.local Compatibility.
[[0;32m  OK  [0m] Started Snappy daemon.
[[0;32m  OK  [0m] Started Login to default iSCSI targets.
[[0;32m  OK  [0m] Started LXD - container startup/shutdown.
[   28.277541] cloud-init[1084]: Generating locales (this might take a while)...
[[0;32m  OK  [0m] Started LSB: MD monitoring daemon.
[[0;32m  OK  [0m] Started LSB: Record successful boot for GRUB.
         Starting Authenticate and Authorize Users to Run Privileged Tasks...
[[0;32m  OK  [0m] Reached target Remote File Systems (Pre).
[[0;32m  OK  [0m] Reached target Remote File Systems.
         Starting LSB: VirtualBox Linux Additions...
         Starting Permit User Sessions...
         Starting LSB: Set the CPU Frequency Scaling governor to "ondemand"...
         Starting LSB: automatic crash report generation...
         Starting LSB: daemon to balance interrupts for SMP systems...
[[0;32m  OK  [0m] Started Permit User Sessions.
[[0;32m  OK  [0m] Started Login Service.
[[0;32m  OK  [0m] Started Authenticate and Authorize Users to Run Privileged Tasks.
[[0;32m  OK  [0m] Started Accounts Service.
         Starting Terminate Plymouth Boot Screen...
         Starting Hold until boot process finishes up...
[[0;32m  OK  [0m] Started LSB: Set the CPU Frequency Scaling governor to "ondemand".
[[0;32m  OK  [0m] Started LSB: automatic crash report generation.
[[0;32m  OK  [0m] Started LSB: VirtualBox Linux Additions.
[[0;32m  OK  [0m] Started LSB: daemon to balance interrupts for SMP systems.
[[0;32m  OK  [0m] Started Terminate Plymouth Boot Screen.
[[0;32m  OK  [0m] Started Hold until boot process finishes up.
[[0;32m  OK  [0m] Started Serial Getty on ttyS0.
[[0;32m  OK  [0m] Started Getty on tty1.
[[0;32m  OK  [0m] Reached target Login Prompts.
         Starting Set console scheme...
[[0;32m  OK  [0m] Started Set console scheme.
[   29.516988] cloud-init[1084]:   en_US.UTF-8... done
[   29.556688] cloud-init[1084]: Generation complete.
[[0;32m  OK  [0m] Stopped OpenBSD Secure Shell server.
         Starting OpenBSD Secure Shell server...
[[0;32m  OK  [0m] Started OpenBSD Secure Shell server.
[[0;32m  OK  [0m] Created slice User Slice of ubuntu.
         Starting User Manager for UID 1000...
[[0;32m  OK  [0m] Started Session 1 of user ubuntu.
[[0;32m  OK  [0m] Started User Manager for UID 1000.
[   30.037578] cloud-init[1084]: Cloud-init v. 17.1 running 'modules:config' at Mon, 04 Dec 2017 14:09:57 +0000. Up 27.96 seconds.
[[0;32m  OK  [0m] Started Apply the settings specified in cloud-config.
[[0;32m  OK  [0m] Started Pollinate to seed the pseudo random number generator.
[[0;32m  OK  [0m] Reached target Multi-User System.
         Starting Execute cloud user/final scripts...
[[0;32m  OK  [0m] Reached target Graphical Interface.
         Starting Update UTMP about System Runlevel Changes...
[[0;32m  OK  [0m] Started Update UTMP about System Runlevel Changes.
ci-info: no authorized ssh keys fingerprints found for user ubuntu.
<14>Dec  4 14:10:00 ec2: 
<14>Dec  4 14:10:00 ec2: #############################################################
<14>Dec  4 14:10:00 ec2: -----BEGIN SSH HOST KEY FINGERPRINTS-----
<14>Dec  4 14:10:00 ec2: 1024 SHA256:dD6tT3241Z5OFRmZG9ZdyBRI8/JEwVne1mCVZP4eNGE root@ubuntu-xenial (DSA)
<14>Dec  4 14:10:00 ec2: 256 SHA256:zm4RXpgTfPADVWZtrk4ziwd9l5g8wBXpMz1lhe1Ois8 root@ubuntu-xenial (ECDSA)
<14>Dec  4 14:10:00 ec2: 256 SHA256:RXg3GjFhN2+IN0sCGyAeWocz/DCYpzrmJ3FEgQhFjOk root@ubuntu-xenial (ED25519)
<14>Dec  4 14:10:00 ec2: 2048 SHA256:E8ygTWOUF6ZmitpqIDwwTViFk0qZ8V7d3Eaje1mWDzg root@ubuntu-xenial (RSA)
<14>Dec  4 14:10:00 ec2: -----END SSH HOST KEY FINGERPRINTS-----
<14>Dec  4 14:10:00 ec2: #############################################################
-----BEGIN SSH HOST KEY KEYS-----
ecdsa-sha2-nistp256 AAAAE2VjZHNhLXNoYTItbmlzdHAyNTYAAAAIbmlzdHAyNTYAAABBBCDOtqvBDhQRcorDNV2ud8s9n+1yobmeEM0mIzct/QbPrAGRCwd2pgTWgiOJeCRKTJL3G8PYBJLr2ssRHhMM2wI= root@ubuntu-xenial
ssh-ed25519 AAAAC3NzaC1lZDI1NTE5AAAAIPCzH+dUJOdX7GjhhYaHE003H4q8E6j4mwkT3cEIkZcF root@ubuntu-xenial
ssh-rsa AAAAB3NzaC1yc2EAAAADAQABAAABAQCY/bIsogHBSd6mO6K6sftiueYAqdifMBJy+nHJBNT9KaK1W135s21dwTnp6+XORJMDciL5rKxmoyQfdkevPL83OtRKYglUfyf4xQLGVhRc1tdSEEtSKeYV4TUT1Lg1sBYKkQoTTL5UdcnNOhXBmHL/50j3v97gq8CpLkCNJg3No08imEtTEHM1v28rqZv6vi0mgSy69zkgfIyyqqbOFNGyLL0lVBeLgVaqxL5/zkQ1bUjALiKy9x2bJcK7blcIkOyvtTe4ghhLXGE48Ec/2Hn+cwb4mtjayOIOpDem5cF4GJGV82IBf3ktcwTccQMokktP+61TGRWS34miZwpM9Hih root@ubuntu-xenial
-----END SSH HOST KEY KEYS-----
[[0;32m  OK  [0m] Started Session 2 of user ubuntu.
[   31.831498] cloud-init[1419]: Cloud-init v. 17.1 running 'modules:final' at Mon, 04 Dec 2017 14:10:00 +0000. Up 30.73 seconds.
[   31.864536] cloud-init[1419]: ci-info: no authorized ssh keys fingerprints found for user ubuntu.
[   31.924537] cloud-init[1419]: Cloud-init v. 17.1 finished at Mon, 04 Dec 2017 14:10:01 +0000. Datasource DataSourceNoCloud [seed=/dev/sdb][dsmode=net].  Up 31.81 seconds
[[0;32m  OK  [0m] Started Execute cloud user/final scripts.
[[0;32m  OK  [0m] Reached target Cloud-init target.

Ubuntu 16.04.3 LTS ubuntu-xenial ttyS0

ubuntu-xenial login: 